# JRE version: Java(TM) SE Runtime Environment (8.0_181-b13) (build 1.8.0_181-b13)
# Java VM: Java HotSpot(TM) 64-Bit Server VM (25.181-b13 mixed mode windows-amd64 compressed oops)
Heap:
 PSYoungGen      total 262144K, used 7521K [0x00000000d6b00000, 0x00000000f4800000, 0x0000000100000000)
  eden space 248832K, 3% used [0x00000000d6b00000,0x00000000d72585c8,0x00000000e5e00000)
  from space 13312K, 0% used [0x00000000e5e00000,0x00000000e5e00000,0x00000000e6b00000)
  to   space 18432K, 0% used [0x00000000f3600000,0x00000000f3600000,0x00000000f4800000)
 ParOldGen       total 74240K, used 23494K [0x0000000084000000, 0x0000000088880000, 0x00000000d6b00000)
  object space 74240K, 31% used [0x0000000084000000,0x00000000856f1a48,0x0000000088880000)
 Metaspace       used 34557K, capacity 35686K, committed 35880K, reserved 1081344K
  class space    used 4538K, capacity 4805K, committed 4912K, reserved 1048576K
GC Heap History (10 events):
Event: 10.169 GC heap before
{Heap before GC invocations=5 (full 0):
 PSYoungGen      total 132096K, used 23756K [0x00000000d6b00000, 0x00000000df100000, 0x0000000100000000)
  eden space 126976K, 14% used [0x00000000d6b00000,0x00000000d7d35fb8,0x00000000de700000)
  from space 5120K, 99% used [0x00000000dec00000,0x00000000df0fd160,0x00000000df100000)
  to   space 5120K, 0% used [0x00000000de700000,0x00000000de700000,0x00000000dec00000)
 ParOldGen       total 84992K, used 8069K [0x0000000084000000, 0x0000000089300000, 0x00000000d6b00000)
  object space 84992K, 9% used [0x0000000084000000,0x00000000847e1478,0x0000000089300000)
 Metaspace       used 20622K, capacity 21196K, committed 21296K, reserved 1067008K
  class space    used 2689K, capacity 2843K, committed 2864K, reserved 1048576K
Event: 10.189 GC heap after
Heap after GC invocations=5 (full 0):
 PSYoungGen      total 132096K, used 5101K [0x00000000d6b00000, 0x00000000e7800000, 0x0000000100000000)
  eden space 126976K, 0% used [0x00000000d6b00000,0x00000000d6b00000,0x00000000de700000)
  from space 5120K, 99% used [0x00000000de700000,0x00000000debfb700,0x00000000dec00000)
  to   space 10752K, 0% used [0x00000000e6d80000,0x00000000e6d80000,0x00000000e7800000)
 ParOldGen       total 84992K, used 9409K [0x0000000084000000, 0x0000000089300000, 0x00000000d6b00000)
  object space 84992K, 11% used [0x0000000084000000,0x00000000849306d0,0x0000000089300000)
 Metaspace       used 20622K, capacity 21196K, committed 21296K, reserved 1067008K
  class space    used 2689K, capacity 2843K, committed 2864K, reserved 1048576K
}
Event: 10.189 GC heap before
{Heap before GC invocations=6 (full 1):
 PSYoungGen      total 132096K, used 5101K [0x00000000d6b00000, 0x00000000e7800000, 0x0000000100000000)
  eden space 126976K, 0% used [0x00000000d6b00000,0x00000000d6b00000,0x00000000de700000)
  from space 5120K, 99% used [0x00000000de700000,0x00000000debfb700,0x00000000dec00000)
  to   space 10752K, 0% used [0x00000000e6d80000,0x00000000e6d80000,0x00000000e7800000)
 ParOldGen       total 84992K, used 9409K [0x0000000084000000, 0x0000000089300000, 0x00000000d6b00000)
  object space 84992K, 11% used [0x0000000084000000,0x00000000849306d0,0x0000000089300000)
 Metaspace       used 20622K, capacity 21196K, committed 21296K, reserved 1067008K
  class space    used 2689K, capacity 2843K, committed 2864K, reserved 1048576K
Event: 10.249 GC heap after
Heap after GC invocations=6 (full 1):
 PSYoungGen      total 132096K, used 0K [0x00000000d6b00000, 0x00000000e7800000, 0x0000000100000000)
  eden space 126976K, 0% used [0x00000000d6b00000,0x00000000d6b00000,0x00000000de700000)
  from space 5120K, 0% used [0x00000000de700000,0x00000000de700000,0x00000000dec00000)
  to   space 10752K, 0% used [0x00000000e6d80000,0x00000000e6d80000,0x00000000e7800000)
 ParOldGen       total 46592K, used 6482K [0x0000000084000000, 0x0000000086d80000, 0x00000000d6b00000)
  object space 46592K, 13% used [0x0000000084000000,0x0000000084654870,0x0000000086d80000)
 Metaspace       used 20622K, capacity 21196K, committed 21296K, reserved 1067008K
  class space    used 2689K, capacity 2843K, committed 2864K, reserved 1048576K
}
Event: 14.469 GC heap before
{Heap before GC invocations=7 (full 1):
 PSYoungGen      total 132096K, used 126976K [0x00000000d6b00000, 0x00000000e7800000, 0x0000000100000000)
  eden space 126976K, 100% used [0x00000000d6b00000,0x00000000de700000,0x00000000de700000)
  from space 5120K, 0% used [0x00000000de700000,0x00000000de700000,0x00000000dec00000)
  to   space 10752K, 0% used [0x00000000e6d80000,0x00000000e6d80000,0x00000000e7800000)
 ParOldGen       total 46592K, used 6482K [0x0000000084000000, 0x0000000086d80000, 0x00000000d6b00000)
  object space 46592K, 13% used [0x0000000084000000,0x0000000084654870,0x0000000086d80000)
 Metaspace       used 25137K, capacity 25976K, committed 26160K, reserved 1071104K
  class space    used 3332K, capacity 3558K, committed 3632K, reserved 1048576K
Event: 14.510 GC heap after
Heap after GC invocations=7 (full 1):
 PSYoungGen      total 251392K, used 10749K [0x00000000d6b00000, 0x00000000e7800000, 0x0000000100000000)
  eden space 240640K, 0% used [0x00000000d6b00000,0x00000000d6b00000,0x00000000e5600000)
  from space 10752K, 99% used [0x00000000e6d80000,0x00000000e77ff7b0,0x00000000e7800000)
  to   space 13312K, 0% used [0x00000000e5e00000,0x00000000e5e00000,0x00000000e6b00000)
 ParOldGen       total 46592K, used 8099K [0x0000000084000000, 0x0000000086d80000, 0x00000000d6b00000)
  object space 46592K, 17% used [0x0000000084000000,0x00000000847e8da8,0x0000000086d80000)
 Metaspace       used 25137K, capacity 25976K, committed 26160K, reserved 1071104K
  class space    used 3332K, capacity 3558K, committed 3632K, reserved 1048576K
}
Event: 21.127 GC heap before
{Heap before GC invocations=8 (full 1):
 PSYoungGen      total 251392K, used 239707K [0x00000000d6b00000, 0x00000000e7800000, 0x0000000100000000)
  eden space 240640K, 95% used [0x00000000d6b00000,0x00000000e4a97648,0x00000000e5600000)
  from space 10752K, 99% used [0x00000000e6d80000,0x00000000e77ff7b0,0x00000000e7800000)
  to   space 13312K, 0% used [0x00000000e5e00000,0x00000000e5e00000,0x00000000e6b00000)
 ParOldGen       total 46592K, used 8099K [0x0000000084000000, 0x0000000086d80000, 0x00000000d6b00000)
  object space 46592K, 17% used [0x0000000084000000,0x00000000847e8da8,0x0000000086d80000)
 Metaspace       used 34410K, capacity 35456K, committed 35496K, reserved 1079296K
  class space    used 4524K, capacity 4772K, committed 4784K, reserved 1048576K
Event: 21.250 GC heap after
Heap after GC invocations=8 (full 1):
 PSYoungGen      total 262144K, used 13287K [0x00000000d6b00000, 0x00000000f4800000, 0x0000000100000000)
  eden space 248832K, 0% used [0x00000000d6b00000,0x00000000d6b00000,0x00000000e5e00000)
  from space 13312K, 99% used [0x00000000e5e00000,0x00000000e6af9cc0,0x00000000e6b00000)
  to   space 18432K, 0% used [0x00000000f3600000,0x00000000f3600000,0x00000000f4800000)
 ParOldGen       total 46592K, used 13741K [0x0000000084000000, 0x0000000086d80000, 0x00000000d6b00000)
  object space 46592K, 29% used [0x0000000084000000,0x0000000084d6b530,0x0000000086d80000)
 Metaspace       used 34410K, capacity 35456K, committed 35496K, reserved 1079296K
  class space    used 4524K, capacity 4772K, committed 4784K, reserved 1048576K
}
Event: 21.250 GC heap before
{Heap before GC invocations=9 (full 2):
 PSYoungGen      total 262144K, used 13287K [0x00000000d6b00000, 0x00000000f4800000, 0x0000000100000000)
  eden space 248832K, 0% used [0x00000000d6b00000,0x00000000d6b00000,0x00000000e5e00000)
  from space 13312K, 99% used [0x00000000e5e00000,0x00000000e6af9cc0,0x00000000e6b00000)
  to   space 18432K, 0% used [0x00000000f3600000,0x00000000f3600000,0x00000000f4800000)
 ParOldGen       total 46592K, used 13741K [0x0000000084000000, 0x0000000086d80000, 0x00000000d6b00000)
  object space 46592K, 29% used [0x0000000084000000,0x0000000084d6b530,0x0000000086d80000)
 Metaspace       used 34410K, capacity 35456K, committed 35496K, reserved 1079296K
  class space    used 4524K, capacity 4772K, committed 4784K, reserved 1048576K
Event: 21.528 GC heap after
Heap after GC invocations=9 (full 2):
 PSYoungGen      total 262144K, used 0K [0x00000000d6b00000, 0x00000000f4800000, 0x0000000100000000)
  eden space 248832K, 0% used [0x00000000d6b00000,0x00000000d6b00000,0x00000000e5e00000)
  from space 13312K, 0% used [0x00000000e5e00000,0x00000000e5e00000,0x00000000e6b00000)
  to   space 18432K, 0% used [0x00000000f3600000,0x00000000f3600000,0x00000000f4800000)
 ParOldGen       total 74240K, used 23494K [0x0000000084000000, 0x0000000088880000, 0x00000000d6b00000)
  object space 74240K, 31% used [0x0000000084000000,0x00000000856f1a48,0x0000000088880000)
 Metaspace       used 34410K, capacity 35456K, committed 35496K, reserved 1079296K
  class space    used 4524K, capacity 4772K, committed 4784K, reserved 1048576K
}

